#
# There is insufficient memory for the Java Runtime Environment to continue.
# Native memory allocation (malloc) failed to allocate 2300336 bytes for Chunk::new
# Possible reasons:
#   The system is out of physical RAM or swap space
#   In 32 bit mode, the process size limit was hit
# Possible solutions:
#   Reduce memory load on the system
#   Increase physical memory or swap space
#   Check if swap backing store is full
#   Use 64 bit Java on a 64 bit OS
#   Decrease Java heap size (-Xmx/-Xms)
#   Decrease number of Java threads
#   Decrease Java thread stack sizes (-Xss)
#   Set larger code cache with -XX:ReservedCodeCacheSize=
# This output file may be truncated or incomplete.
#
#  Out of Memory Error (allocation.cpp:390), pid=9596, tid=9000
#
# JRE version: Java(TM) SE Runtime Environment (8.0_60-b27) (build 1.8.0_60-b27)
# Java VM: Java HotSpot(TM) 64-Bit Server VM (25.60-b23 mixed mode windows-amd64 compressed oops)
# Failed to write core dump. Minidumps are not enabled by default on client versions of Windows
#

---------------  T H R E A D  ---------------

Current thread (0x000000001520b800):  JavaThread "C2 CompilerThread0" daemon [_thread_in_native, id=9000, stack(0x0000000016140000,0x0000000016240000)]

Stack: [0x0000000016140000,0x0000000016240000]
[error occurred during error reporting (printing stack bounds), id 0xc0000005]

Native frames: (J=compiled Java code, j=interpreted, Vv=VM code, C=native code)


Current CompileTask:
C2:  31759 1144   !   4       java.net.URLClassLoader$1::run (63 bytes)


---------------  P R O C E S S  ---------------

Java Threads: ( => current thread )
  0x0000000015287000 JavaThread "Service Thread" daemon [_thread_blocked, id=9228, stack(0x0000000016340000,0x0000000016440000)]
  0x000000001520e000 JavaThread "C1 CompilerThread1" daemon [_thread_blocked, id=6836, stack(0x0000000016240000,0x0000000016340000)]
=>0x000000001520b800 JavaThread "C2 CompilerThread0" daemon [_thread_in_native, id=9000, stack(0x0000000016140000,0x0000000016240000)]
  0x0000000015209000 JavaThread "Attach Listener" daemon [_thread_blocked, id=4848, stack(0x0000000016040000,0x0000000016140000)]
  0x0000000015205800 JavaThread "Signal Dispatcher" daemon [_thread_blocked, id=9888, stack(0x0000000015f40000,0x0000000016040000)]
  0x0000000002dd4000 JavaThread "Finalizer" daemon [_thread_blocked, id=7656, stack(0x0000000015e40000,0x0000000015f40000)]
  0x0000000002dcb800 JavaThread "Reference Handler" daemon [_thread_blocked, id=1000, stack(0x0000000015d40000,0x0000000015e40000)]
  0x0000000002ede000 JavaThread "main" [_thread_in_vm, id=7272, stack(0x0000000002b40000,0x0000000002c40000)]

Other Threads:
  0x00000000151d7000 VMThread [stack: 0x0000000015c40000,0x0000000015d40000] [id=7644]
  0x000000001528b000 WatcherThread [stack: 0x0000000016440000,0x0000000016540000] [id=4216]

VM state:not at safepoint (normal execution)

VM Mutex/Monitor currently owned by a thread: None

Heap:
 PSYoungGen      total 18432K, used 13943K [0x00000000eb700000, 0x00000000ed280000, 0x0000000100000000)
  eden space 15872K, 71% used [0x00000000eb700000,0x00000000ec221d00,0x00000000ec680000)
  from space 2560K, 99% used [0x00000000ec680000,0x00000000ec8fc010,0x00000000ec900000)
  to   space 6144K, 0% used [0x00000000ecc80000,0x00000000ecc80000,0x00000000ed280000)
 ParOldGen       total 42496K, used 6505K [0x00000000c2400000, 0x00000000c4d80000, 0x00000000eb700000)
  object space 42496K, 15% used [0x00000000c2400000,0x00000000c2a5a6b8,0x00000000c4d80000)
 Metaspace       used 16027K, capacity 16304K, committed 16384K, reserved 1062912K
  class space    used 2186K, capacity 2280K, committed 2304K, reserved 1048576K

Card table byte_map: [0x00000000122a0000,0x0000000012490000] byte_map_base: 0x0000000011c8e000

Marking Bits: (ParMarkBitMap*) 0x000000006fd3a5b0
 Begin Bits: [0x00000000127e0000, 0x0000000013750000)
 End Bits:   [0x0000000013750000, 0x00000000146c0000)

Polling page: 0x0000000002c40000

CodeCache: size=245760Kb used=4222Kb max_used=4222Kb free=241537Kb
 bounds [0x0000000002ee0000, 0x0000000003310000, 0x0000000011ee0000]
 total_blobs=1525 nmethods=1168 adapters=270
 compilation: enabled

Compilation events (10 events):
Event: 31.658 Thread 0x000000001520e000 1163       3       org.gradle.internal.service.DefaultServiceRegistry::access$1500 (4 bytes)
Event: 31.658 Thread 0x000000001520e000 nmethod 1163 0x00000000032fb710 code [0x00000000032fb860, 0x00000000032fb990]
Event: 31.658 Thread 0x000000001520e000 1164       3       java.util.HashSet::add (20 bytes)
Event: 31.658 Thread 0x000000001520e000 nmethod 1164 0x00000000032fba10 code [0x00000000032fbb80, 0x00000000032fbe08]
Event: 31.691 Thread 0x000000001520e000 1165       3       sun.misc.ProxyGenerator$ConstantPool::getFieldRef (33 bytes)
Event: 31.692 Thread 0x000000001520e000 nmethod 1165 0x00000000032fbed0 code [0x00000000032fc160, 0x00000000032fcec8]
Event: 31.692 Thread 0x000000001520e000 1166       3       sun.misc.ProxyGenerator::access$1000 (7 bytes)
Event: 31.692 Thread 0x000000001520e000 nmethod 1166 0x00000000032fd9d0 code [0x00000000032fdb40, 0x00000000032fdca8]
Event: 31.692 Thread 0x000000001520e000 1167       3       sun.misc.ProxyGenerator::code_ipush (90 bytes)
Event: 31.693 Thread 0x000000001520e000 nmethod 1167 0x00000000032fdd90 code [0x00000000032fdfe0, 0x00000000032ff068]

GC Heap History (10 events):
Event: 3.976 GC heap before
{Heap before GC invocations=1 (full 0):
 PSYoungGen      total 18432K, used 15872K [0x00000000eb700000, 0x00000000ecb80000, 0x0000000100000000)
  eden space 15872K, 100% used [0x00000000eb700000,0x00000000ec680000,0x00000000ec680000)
  from space 2560K, 0% used [0x00000000ec900000,0x00000000ec900000,0x00000000ecb80000)
  to   space 2560K, 0% used [0x00000000ec680000,0x00000000ec680000,0x00000000ec900000)
 ParOldGen       total 42496K, used 0K [0x00000000c2400000, 0x00000000c4d80000, 0x00000000eb700000)
  object space 42496K, 0% used [0x00000000c2400000,0x00000000c2400000,0x00000000c4d80000)
 Metaspace       used 6411K, capacity 6584K, committed 6784K, reserved 1056768K
  class space    used 811K, capacity 896K, committed 896K, reserved 1048576K
Event: 3.983 GC heap after
Heap after GC invocations=1 (full 0):
 PSYoungGen      total 18432K, used 2530K [0x00000000eb700000, 0x00000000ecb80000, 0x0000000100000000)
  eden space 15872K, 0% used [0x00000000eb700000,0x00000000eb700000,0x00000000ec680000)
  from space 2560K, 98% used [0x00000000ec680000,0x00000000ec8f8af0,0x00000000ec900000)
  to   space 2560K, 0% used [0x00000000ec900000,0x00000000ec900000,0x00000000ecb80000)
 ParOldGen       total 42496K, used 369K [0x00000000c2400000, 0x00000000c4d80000, 0x00000000eb700000)
  object space 42496K, 0% used [0x00000000c2400000,0x00000000c245c4a0,0x00000000c4d80000)
 Metaspace       used 6411K, capacity 6584K, committed 6784K, reserved 1056768K
  class space    used 811K, capacity 896K, committed 896K, reserved 1048576K
}
Event: 8.664 GC heap before
{Heap before GC invocations=2 (full 0):
 PSYoungGen      total 18432K, used 18402K [0x00000000eb700000, 0x00000000ecb80000, 0x0000000100000000)
  eden space 15872K, 100% used [0x00000000eb700000,0x00000000ec680000,0x00000000ec680000)
  from space 2560K, 98% used [0x00000000ec680000,0x00000000ec8f8af0,0x00000000ec900000)
  to   space 2560K, 0% used [0x00000000ec900000,0x00000000ec900000,0x00000000ecb80000)
 ParOldGen       total 42496K, used 369K [0x00000000c2400000, 0x00000000c4d80000, 0x00000000eb700000)
  object space 42496K, 0% used [0x00000000c2400000,0x00000000c245c4a0,0x00000000c4d80000)
 Metaspace       used 8494K, capacity 8664K, committed 8960K, reserved 1056768K
  class space    used 1117K, capacity 1184K, committed 1280K, reserved 1048576K
Event: 8.672 GC heap after
Heap after GC invocations=2 (full 0):
 PSYoungGen      total 18432K, used 2533K [0x00000000eb700000, 0x00000000ecb80000, 0x0000000100000000)
  eden space 15872K, 0% used [0x00000000eb700000,0x00000000eb700000,0x00000000ec680000)
  from space 2560K, 98% used [0x00000000ec900000,0x00000000ecb796a0,0x00000000ecb80000)
  to   space 2560K, 0% used [0x00000000ec680000,0x00000000ec680000,0x00000000ec900000)
 ParOldGen       total 42496K, used 1224K [0x00000000c2400000, 0x00000000c4d80000, 0x00000000eb700000)
  object space 42496K, 2% used [0x00000000c2400000,0x00000000c2532168,0x00000000c4d80000)
 Metaspace       used 8494K, capacity 8664K, committed 8960K, reserved 1056768K
  class space    used 1117K, capacity 1184K, committed 1280K, reserved 1048576K
}
Event: 26.814 GC heap before
{Heap before GC invocations=3 (full 0):
 PSYoungGen      total 18432K, used 18405K [0x00000000eb700000, 0x00000000ecb80000, 0x0000000100000000)
  eden space 15872K, 100% used [0x00000000eb700000,0x00000000ec680000,0x00000000ec680000)
  from space 2560K, 98% used [0x00000000ec900000,0x00000000ecb796a0,0x00000000ecb80000)
  to   space 2560K, 0% used [0x00000000ec680000,0x00000000ec680000,0x00000000ec900000)
 ParOldGen       total 42496K, used 1224K [0x00000000c2400000, 0x00000000c4d80000, 0x00000000eb700000)
  object space 42496K, 2% used [0x00000000c2400000,0x00000000c2532168,0x00000000c4d80000)
 Metaspace       used 8729K, capacity 9008K, committed 9216K, reserved 1056768K
  class space    used 1161K, capacity 1256K, committed 1280K, reserved 1048576K
Event: 26.818 GC heap after
Heap after GC invocations=3 (full 0):
 PSYoungGen      total 18432K, used 2556K [0x00000000eb700000, 0x00000000ecb80000, 0x0000000100000000)
  eden space 15872K, 0% used [0x00000000eb700000,0x00000000eb700000,0x00000000ec680000)
  from space 2560K, 99% used [0x00000000ec680000,0x00000000ec8ff2b0,0x00000000ec900000)
  to   space 2560K, 0% used [0x00000000ec900000,0x00000000ec900000,0x00000000ecb80000)
 ParOldGen       total 42496K, used 1400K [0x00000000c2400000, 0x00000000c4d80000, 0x00000000eb700000)
  object space 42496K, 3% used [0x00000000c2400000,0x00000000c255e168,0x00000000c4d80000)
 Metaspace       used 8729K, capacity 9008K, committed 9216K, reserved 1056768K
  class space    used 1161K, capacity 1256K, committed 1280K, reserved 1048576K
}
Event: 28.532 GC heap before
{Heap before GC invocations=4 (full 0):
 PSYoungGen      total 18432K, used 18428K [0x00000000eb700000, 0x00000000ecb80000, 0x0000000100000000)
  eden space 15872K, 100% used [0x00000000eb700000,0x00000000ec680000,0x00000000ec680000)
  from space 2560K, 99% used [0x00000000ec680000,0x00000000ec8ff2b0,0x00000000ec900000)
  to   space 2560K, 0% used [0x00000000ec900000,0x00000000ec900000,0x00000000ecb80000)
 ParOldGen       total 42496K, used 1400K [0x00000000c2400000, 0x00000000c4d80000, 0x00000000eb700000)
  object space 42496K, 3% used [0x00000000c2400000,0x00000000c255e168,0x00000000c4d80000)
 Metaspace       used 10722K, capacity 10992K, committed 11136K, reserved 1058816K
  class space    used 1478K, capacity 1576K, committed 1664K, reserved 1048576K
Event: 28.539 GC heap after
Heap after GC invocations=4 (full 0):
 PSYoungGen      total 18432K, used 2544K [0x00000000eb700000, 0x00000000ecb80000, 0x0000000100000000)
  eden space 15872K, 0% used [0x00000000eb700000,0x00000000eb700000,0x00000000ec680000)
  from space 2560K, 99% used [0x00000000ec900000,0x00000000ecb7c010,0x00000000ecb80000)
  to   space 2560K, 0% used [0x00000000ec680000,0x00000000ec680000,0x00000000ec900000)
 ParOldGen       total 42496K, used 2979K [0x00000000c2400000, 0x00000000c4d80000, 0x00000000eb700000)
  object space 42496K, 7% used [0x00000000c2400000,0x00000000c26e8c38,0x00000000c4d80000)
 Metaspace       used 10722K, capacity 10992K, committed 11136K, reserved 1058816K
  class space    used 1478K, capacity 1576K, committed 1664K, reserved 1048576K
}
Event: 30.847 GC heap before
{Heap before GC invocations=5 (full 0):
 PSYoungGen      total 18432K, used 18416K [0x00000000eb700000, 0x00000000ecb80000, 0x0000000100000000)
  eden space 15872K, 100% used [0x00000000eb700000,0x00000000ec680000,0x00000000ec680000)
  from space 2560K, 99% used [0x00000000ec900000,0x00000000ecb7c010,0x00000000ecb80000)
  to   space 2560K, 0% used [0x00000000ec680000,0x00000000ec680000,0x00000000ec900000)
 ParOldGen       total 42496K, used 2979K [0x00000000c2400000, 0x00000000c4d80000, 0x00000000eb700000)
  object space 42496K, 7% used [0x00000000c2400000,0x00000000c26e8c38,0x00000000c4d80000)
 Metaspace       used 14688K, capacity 14928K, committed 15232K, reserved 1062912K
  class space    used 1965K, capacity 2056K, committed 2176K, reserved 1048576K
Event: 30.858 GC heap after
Heap after GC invocations=5 (full 0):
 PSYoungGen      total 18432K, used 2544K [0x00000000eb700000, 0x00000000ed280000, 0x0000000100000000)
  eden space 15872K, 0% used [0x00000000eb700000,0x00000000eb700000,0x00000000ec680000)
  from space 2560K, 99% used [0x00000000ec680000,0x00000000ec8fc010,0x00000000ec900000)
  to   space 6144K, 0% used [0x00000000ecc80000,0x00000000ecc80000,0x00000000ed280000)
 ParOldGen       total 42496K, used 6505K [0x00000000c2400000, 0x00000000c4d80000, 0x00000000eb700000)
  object space 42496K, 15% used [0x00000000c2400000,0x00000000c2a5a6b8,0x00000000c4d80000)
 Metaspace       used 14688K, capacity 14928K, committed 15232K, reserved 1062912K
  class space    used 1965K, capacity 2056K, committed 2176K, reserved 1048576K
}

Deoptimization events (10 events):
Event: 4.042 Thread 0x0000000002ede000 Uncommon trap: reason=unstable_if action=reinterpret pc=0x0000000003122e3c method=java.util.HashMap.getNode(ILjava/lang/Object;)Ljava/util/HashMap$Node; @ 129
Event: 4.042 Thread 0x0000000002ede000 Uncommon trap: reason=unstable_if action=reinterpret pc=0x000000000310efb4 method=java.util.HashMap.getNode(ILjava/lang/Object;)Ljava/util/HashMap$Node; @ 129
Event: 6.072 Thread 0x0000000002ede000 Uncommon trap: reason=unstable_if action=reinterpret pc=0x0000000003178274 method=java.lang.String$CaseInsensitiveComparator.compare(Ljava/lang/String;Ljava/lang/String;)I @ 26
Event: 6.139 Thread 0x0000000002ede000 Uncommon trap: reason=predicate action=maybe_recompile pc=0x000000000315a500 method=sun.net.www.ParseUtil.encodePath(Ljava/lang/String;Z)Ljava/lang/String; @ 36
Event: 28.507 Thread 0x0000000002ede000 Uncommon trap: reason=bimorphic action=maybe_recompile pc=0x00000000031bff1c method=java.util.HashMap.putVal(ILjava/lang/Object;Ljava/lang/Object;ZZ)Ljava/lang/Object; @ 203
Event: 28.507 Thread 0x0000000002ede000 Uncommon trap: reason=bimorphic action=maybe_recompile pc=0x00000000031bff1c method=java.util.HashMap.putVal(ILjava/lang/Object;Ljava/lang/Object;ZZ)Ljava/lang/Object; @ 203
Event: 28.507 Thread 0x0000000002ede000 Uncommon trap: reason=bimorphic action=maybe_recompile pc=0x00000000031bff1c method=java.util.HashMap.putVal(ILjava/lang/Object;Ljava/lang/Object;ZZ)Ljava/lang/Object; @ 203
Event: 30.724 Thread 0x0000000002ede000 Uncommon trap: reason=bimorphic action=maybe_recompile pc=0x00000000031970c4 method=java.util.HashMap.putVal(ILjava/lang/Object;Ljava/lang/Object;ZZ)Ljava/lang/Object; @ 203
Event: 30.725 Thread 0x0000000002ede000 Uncommon trap: reason=bimorphic action=maybe_recompile pc=0x00000000031995c4 method=java.util.HashMap.putVal(ILjava/lang/Object;Ljava/lang/Object;ZZ)Ljava/lang/Object; @ 203
Event: 31.646 Thread 0x0000000002ede000 Uncommon trap: reason=bimorphic action=maybe_recompile pc=0x00000000031bff1c method=java.util.HashMap.putVal(ILjava/lang/Object;Ljava/lang/Object;ZZ)Ljava/lang/Object; @ 203

Internal exceptions (10 events):
Event: 30.684 Thread 0x0000000002ede000 Exception <a 'java/lang/ClassNotFoundException': groovy/lang/ExpandoMetaClassBeanInfo> (0x00000000ec4a7bd0) thrown at [C:\re\workspace\8-2-build-windows-amd64-cygwin\jdk8u60\4407\hotspot\src\share\vm\classfile\systemDictionary.cpp, line 210]
Event: 30.685 Thread 0x0000000002ede000 Exception <a 'java/lang/ClassNotFoundException': groovy/lang/MetaClassImplBeanInfo> (0x00000000ec4b2868) thrown at [C:\re\workspace\8-2-build-windows-amd64-cygwin\jdk8u60\4407\hotspot\src\share\vm\classfile\systemDictionary.cpp, line 210]
Event: 30.685 Thread 0x0000000002ede000 Exception <a 'java/lang/ClassNotFoundException': java/lang/ObjectBeanInfo> (0x00000000ec4b77f0) thrown at [C:\re\workspace\8-2-build-windows-amd64-cygwin\jdk8u60\4407\hotspot\src\share\vm\classfile\systemDictionary.cpp, line 210]
Event: 30.686 Thread 0x0000000002ede000 Exception <a 'java/lang/ClassNotFoundException': java/lang/ObjectCustomizer> (0x00000000ec4bc8c0) thrown at [C:\re\workspace\8-2-build-windows-amd64-cygwin\jdk8u60\4407\hotspot\src\share\vm\classfile\systemDictionary.cpp, line 210]
Event: 30.716 Thread 0x0000000002ede000 Exception <a 'java/lang/ClassNotFoundException': groovy/lang/MetaClassImplCustomizer> (0x00000000ec4cf348) thrown at [C:\re\workspace\8-2-build-windows-amd64-cygwin\jdk8u60\4407\hotspot\src\share\vm\classfile\systemDictionary.cpp, line 210]
Event: 30.722 Thread 0x0000000002ede000 Exception <a 'java/lang/ClassNotFoundException': groovy/lang/ExpandoMetaClassCustomizer> (0x00000000ec502bc0) thrown at [C:\re\workspace\8-2-build-windows-amd64-cygwin\jdk8u60\4407\hotspot\src\share\vm\classfile\systemDictionary.cpp, line 210]
Event: 30.756 Thread 0x0000000002ede000 Exception <a 'java/lang/ClassNotFoundException': org/gradle/api/internal/plugins/DefaultExtraPropertiesExtensionBeanInfo> (0x00000000ec583730) thrown at [C:\re\workspace\8-2-build-windows-amd64-cygwin\jdk8u60\4407\hotspot\src\share\vm\classfile\systemDicti½Eêe¤Á>@
Event: 30.756 Thread 0x0000000002ede000 Exception <a 'java/lang/ClassNotFoundException': groovy/lang/GroovyObjectSupportBeanInfo> (0x00000000ec58f568) thrown at [C:\re\workspace\8-2-build-windows-amd64-cygwin\jdk8u60\4407\hotspot\src\share\vm\classfile\systemDictionary.cpp, line 210]
Event: 30.757 Thread 0x0000000002ede000 Exception <a 'java/lang/ClassNotFoundException': groovy/lang/GroovyObjectSupportCustomizer> (0x00000000ec59b728) thrown at [C:\re\workspace\8-2-build-windows-amd64-cygwin\jdk8u60\4407\hotspot\src\share\vm\classfile\systemDictionary.cpp, line 210]
Event: 30.759 Thread 0x0000000002ede000 Exception <a 'java/lang/ClassNotFoundException': org/gradle/api/internal/plugins/DefaultExtraPropertiesExtensionCustomizer> (0x00000000ec5b1b68) thrown at [C:\re\workspace\8-2-build-windows-amd64-cygwin\jdk8u60\4407\hotspot\src\share\vm\classfile\systemDic’ð”x5¯>@

Events (10 events):
Event: 31.693 loading class org/gradle/api/internal/tasks/options/OptionValidationException
Event: 31.693 loading class org/gradle/api/internal/tasks/options/OptionValidationException done
Event: 31.693 loading class com/google/common/collect/ListMultimap
Event: 31.693 loading class com/google/common/collect/ListMultimap done
Event: 31.694 loading class com/google/common/collect/ArrayListMultimap
Event: 31.694 loading class com/google/common/collect/ArrayListMultimap done
Event: 31.694 loading class com/google/common/collect/AbstractListMultimap
Event: 31.694 loading class com/google/common/collect/AbstractListMultimap done
Event: 31.695 loading class org/gradle/api/internal/tasks/options/OptionValueNotationParserFactory
Event: 31.695 loading class org/gradle/api/internal/tasks/options/OptionValueNotationParserFactory done


Dynamic libraries:
0x00007ff6e2a60000 - 0x00007ff6e2a97000 	C:\Program Files\Java\jdk1.8.0_60\bin\java.exe
0x00007ff880870000 - 0x00007ff880a31000 	C:\WINDOWS\SYSTEM32\ntdll.dll
0x00007ff880040000 - 0x00007ff8800ed000 	C:\WINDOWS\system32\KERNEL32.DLL
0x00007ff87da60000 - 0x00007ff87dc48000 	C:\WINDOWS\system32\KERNELBASE.dll
0x00007ff87f430000 - 0x00007ff87f4d7000 	C:\WINDOWS\system32\ADVAPI32.dll
0x00007ff87ff40000 - 0x00007ff87ffdd000 	C:\WINDOWS\system32\msvcrt.dll
0x00007ff87ffe0000 - 0x00007ff88003b000 	C:\WINDOWS\system32\sechost.dll
0x00007ff87f4f0000 - 0x00007ff87f60d000 	C:\WINDOWS\system32\RPCRT4.dll
0x00007ff87f910000 - 0x00007ff87fa66000 	C:\WINDOWS\system32\USER32.dll
0x00007ff880150000 - 0x00007ff8802d7000 	C:\WINDOWS\system32\GDI32.dll
0x00007ff874800000 - 0x00007ff874a74000 	C:\WINDOWS\WinSxS\amd64_microsoft.windows.common-controls_6595b64144ccf1df_6.0.10586.839_none_a2ddba30a539a2ae\COMCTL32.dll
0x00007ff87f610000 - 0x00007ff87f88e000 	C:\WINDOWS\system32\combase.dll
0x00007ff87cf00000 - 0x00007ff87cf6a000 	C:\WINDOWS\system32\bcryptPrimitives.dll
0x00007ff880830000 - 0x00007ff88086b000 	C:\WINDOWS\system32\IMM32.DLL
0x000000006fdc0000 - 0x000000006fe92000 	C:\Program Files\Java\jdk1.8.0_60\jre\bin\msvcr100.dll
0x000000006f530000 - 0x000000006fdb9000 	C:\Program Files\Java\jdk1.8.0_60\jre\bin\server\jvm.dll
0x00007ff87f900000 - 0x00007ff87f908000 	C:\WINDOWS\system32\PSAPI.DLL
0x00007ff868f60000 - 0x00007ff868f69000 	C:\WINDOWS\SYSTEM32\WSOCK32.dll
0x00007ff87b820000 - 0x00007ff87b843000 	C:\WINDOWS\SYSTEM32\WINMM.dll
0x00007ff87f890000 - 0x00007ff87f8fb000 	C:\WINDOWS\system32\WS2_32.dll
0x00007ff873c90000 - 0x00007ff873c9a000 	C:\WINDOWS\SYSTEM32\VERSION.dll
0x00007ff87b7f0000 - 0x00007ff87b81c000 	C:\WINDOWS\SYSTEM32\WINMMBASE.dll
0x00007ff87cf70000 - 0x00007ff87cfb3000 	C:\WINDOWS\system32\cfgmgr32.dll
0x0000000070110000 - 0x000000007011f000 	C:\Program Files\Java\jdk1.8.0_60\jre\bin\verify.dll
0x000000006f500000 - 0x000000006f529000 	C:\Program Files\Java\jdk1.8.0_60\jre\bin\java.dll
0x000000006f4e0000 - 0x000000006f4f6000 	C:\Program Files\Java\jdk1.8.0_60\jre\bin\zip.dll
0x00007ff87dcb0000 - 0x00007ff87f20c000 	C:\WINDOWS\system32\SHELL32.dll
0x00007ff87d330000 - 0x00007ff87d975000 	C:\WINDOWS\system32\windows.storage.dll
0x00007ff8807c0000 - 0x00007ff880812000 	C:\WINDOWS\system32\shlwapi.dll
0x00007ff87cef0000 - 0x00007ff87ceff000 	C:\WINDOWS\system32\kernel.appcore.dll
0x00007ff87d980000 - 0x00007ff87da35000 	C:\WINDOWS\system32\shcore.dll
0x00007ff87ce70000 - 0x00007ff87cebb000 	C:\WINDOWS\system32\powrprof.dll
0x00007ff87cec0000 - 0x00007ff87ced4000 	C:\WINDOWS\system32\profapi.dll
0x000000006f4c0000 - 0x000000006f4da000 	C:\Program Files\Java\jdk1.8.0_60\jre\bin\net.dll
0x00007ff87c740000 - 0x00007ff87c79c000 	C:\WINDOWS\system32\mswsock.dll
0x000000006f4a0000 - 0x000000006f4b1000 	C:\Program Files\Java\jdk1.8.0_60\jre\bin\nio.dll
0x00007ff87b150000 - 0x00007ff87b162000 	C:\Users\Eziaha Ada Ekwuribe\.gradle\native\19\windows-amd64\native-platform.dll
0x0000000180000000 - 0x0000000180037000 	C:\Users\Eziaha Ada Ekwuribe\.gradle\native\jna\win32-amd64\jnidispatch.dll
0x00007ff87c7f0000 - 0x00007ff87c807000 	C:\WINDOWS\SYSTEM32\CRYPTSP.dll
0x00007ff87c480000 - 0x00007ff87c4b4000 	C:\WINDOWS\system32\rsaenh.dll
0x00007ff87cda0000 - 0x00007ff87cdc9000 	C:\WINDOWS\SYSTEM32\bcrypt.dll
0x00007ff87c5d0000 - 0x00007ff87c5ef000 	C:\WINDOWS\SYSTEM32\USERENV.dll
0x00007ff87c910000 - 0x00007ff87c91b000 	C:\WINDOWS\SYSTEM32\CRYPTBASE.dll
0x00007ff878a40000 - 0x00007ff878a78000 	C:\WINDOWS\SYSTEM32\IPHLPAPI.DLL
0x00007ff880820000 - 0x00007ff880828000 	C:\WINDOWS\system32\NSI.dll
0x00007ff8757b0000 - 0x00007ff8757c6000 	C:\WINDOWS\SYSTEM32\dhcpcsvc6.DLL
0x00007ff875790000 - 0x00007ff8757aa000 	C:\WINDOWS\SYSTEM32\dhcpcsvc.DLL
0x0000000070100000 - 0x000000007010d000 	C:\Program Files\Java\jdk1.8.0_60\jre\bin\management.dll

VM Arguments:
jvm_args: -Dorg.gradle.appname=gradlew 
java_command: org.gradle.wrapper.GradleWrapperMain installDebug
java_class_path (initial): C:\NVA\android\\gradle\wrapper\gradle-wrapper.jar
Launcher Type: SUN_STANDARD

Environment Variables:
JAVA_HOME=C:\Program Files\Java\jdk1.8.0_60
CLASSPATH=C:\NVA\android\\gradle\wrapper\gradle-wrapper.jar
PATH=C:\ProgramData\Oracle\Java\javapath;C:\Program Files (x86)\PC Connectivity Solution\;C:\Program Files\Common Files\Microsoft Shared\Windows Live;C:\Program Files (x86)\Common Files\Microsoft Shared\Windows Live;C:\WINDOWS\system32;C:\WINDOWS;C:\WINDOWS\System32\Wbem;C:\WINDOWS\System32\WindowsPowerShell\v1.0\;C:\Program Files (x86)\Windows Live\Shared;C:\Program Files (x86)\QuickTime\QTSystem\;C:\Program Files\Microsoft SQL Server\110\DTS\Binn\;C:\Program Files (x86)\Microsoft SQL Server\110\Tools\Binn\;C:\Program Files\Microsoft SQL Server\110\Tools\Binn\;C:\Program Files (x86)\Microsoft SQL Server\110\Tools\Binn\ManagementStudio\;C:\Program Files (x86)\Microsoft Visual Studio 10.0\Common7\IDE\PrivateAssemblies\;C:\Program Files (x86)\Microsoft SQL Server\110\DTS\Binn\;C:\Users\Eziaha Ada Ekwuribe\AppData\Roaming\npm;C:\adb;C:\WINDOWS\system32;C:\WINDOWS;C:\WINDOWS\System32\Wbem;C:\WINDOWS\System32\WindowsPowerShell\v1.0\;C:\Program Files (x86)\Common Files\lenovo\easyplussdk\bin;C:\Program Files\Git\cmd;C:\Android;C:\Windows\System32;C:\Program Files\Git\bin\git.exe;C:\Go\bin;C:\Program Files (x86)\nodejs\;C:\Program Files (x86)\Yarn\bin\;C:\Users\Eziaha Ada Ekwuribe\AppData\Local\atom\bin;C:\Android\sdk1\platform-tools;C:\Android\sdk1\tools;C:\Program Files\Heroku\bin;C:\Program Files\Microsoft VS Code\bin;C:\Program Files\Microsoft VS Code Insiders\bin;C:\Users\Eziaha Ada Ekwuribe\AppData\Roaming\npm;C:\Users\Eziaha Ada Ekwuribe\AppData\Local\Yarn\bin
USERNAME=Eziaha Ada Ekwuribe
OS=Windows_NT
PROCESSOR_IDENTIFIER=Intel64 Family 6 Model 42 Stepping 7, GenuineIntel



---------------  S Y S T E M  ---------------

OS: Windows 10.0 , 64 bit Build 10586 (10.0.10586.589)

CPU:total 2 (2 cores per cpu, 1 threads per core) family 6 model 42 stepping 7, cmov, cx8, fxsr, mmx, sse, sse2, sse3, ssse3, sse4.1, sse4.2, popcnt, clmul, tsc, tscinvbit

Memory: 4k page, physical 4042604k(816944k free), swap 5353324k(5372k free)

vm_info: Java HotSpot(TM) 64-Bit Server VM (25.60-b23) for windows-amd64 JRE (1.8.0_60-b27), built on Aug  4 2015 11:06:27 by "java_re" with MS VC++ 10.0 (VS2010)

time: Thu Apr 12 13:42:28 2018
elapsed time: 31 seconds (0d 0h 0m 31s)

