#
# There is insufficient memory for the Java Runtime Environment to continue.
# Native memory allocation (malloc) failed to allocate 1651456 bytes for Chunk::new
# Possible reasons:
#   The system is out of physical RAM or swap space
#   In 32 bit mode, the process size limit was hit
# Possible solutions:
#   Reduce memory load on the system
#   Increase physical memory or swap space
#   Check if swap backing store is full
#   Use 64 bit Java on a 64 bit OS
#   Decrease Java heap size (-Xmx/-Xms)
#   Decrease number of Java threads
#   Decrease Java thread stack sizes (-Xss)
#   Set larger code cache with -XX:ReservedCodeCacheSize=
# This output file may be truncated or incomplete.
#
#  Out of Memory Error (allocation.cpp:390), pid=7768, tid=8804
#
# JRE version: Java(TM) SE Runtime Environment (8.0_60-b27) (build 1.8.0_60-b27)
# Java VM: Java HotSpot(TM) 64-Bit Server VM (25.60-b23 mixed mode windows-amd64 compressed oops)
# Failed to write core dump. Minidumps are not enabled by default on client versions of Windows
#

---------------  T H R E A D  ---------------

Current thread (0x00000000149df800):  JavaThread "C2 CompilerThread0" daemon [_thread_in_native, id=8804, stack(0x0000000015a00000,0x0000000015b00000)]

Stack: [0x0000000015a00000,0x0000000015b00000]
[error occurred during error reporting (printing stack bounds), id 0xc0000005]

Native frames: (J=compiled Java code, j=interpreted, Vv=VM code, C=native code)


Current CompileTask:
C2:  38695 2399       4       groovy.lang.MetaClassImpl$1MOPIter::methodNameAction (479 bytes)


---------------  P R O C E S S  ---------------

Java Threads: ( => current thread )
  0x000000001a7e4800 JavaThread "File lock request listener" [_thread_in_native, id=6280, stack(0x0000000019820000,0x0000000019920000)]
  0x0000000019050000 JavaThread "pool-1-thread-1" [_thread_blocked, id=7280, stack(0x0000000016a00000,0x0000000016b00000)]
  0x0000000014a23000 JavaThread "Service Thread" daemon [_thread_blocked, id=3364, stack(0x0000000015c00000,0x0000000015d00000)]
  0x00000000149e1800 JavaThread "C1 CompilerThread1" daemon [_thread_blocked, id=6908, stack(0x0000000015b00000,0x0000000015c00000)]
=>0x00000000149df800 JavaThread "C2 CompilerThread0" daemon [_thread_in_native, id=8804, stack(0x0000000015a00000,0x0000000015b00000)]
  0x00000000149da000 JavaThread "Attach Listener" daemon [_thread_blocked, id=6604, stack(0x0000000015900000,0x0000000015a00000)]
  0x00000000149d7000 JavaThread "Signal Dispatcher" daemon [_thread_blocked, id=11016, stack(0x0000000015800000,0x0000000015900000)]
  0x00000000026a3000 JavaThread "Finalizer" daemon [_thread_blocked, id=10112, stack(0x0000000015620000,0x0000000015720000)]
  0x000000000269b000 JavaThread "Reference Handler" daemon [_thread_blocked, id=6716, stack(0x0000000015520000,0x0000000015620000)]
  0x00000000024ae000 JavaThread "main" [_thread_in_native, id=10972, stack(0x00000000024b0000,0x00000000025b0000)]

Other Threads:
  0x00000000149a6800 VMThread [stack: 0x0000000015420000,0x0000000015520000] [id=7708]
  0x0000000014a6c000 WatcherThread [stack: 0x0000000015d00000,0x0000000015e00000] [id=6756]

VM state:not at safepoint (normal execution)

VM Mutex/Monitor currently owned by a thread: None

Heap:
 PSYoungGen      total 39936K, used 7387K [0x00000000eb700000, 0x00000000ef280000, 0x0000000100000000)
  eden space 33280K, 13% used [0x00000000eb700000,0x00000000ebb86ec0,0x00000000ed780000)
  from space 6656K, 41% used [0x00000000ed780000,0x00000000eda30000,0x00000000ede00000)
  to   space 6656K, 0% used [0x00000000eec00000,0x00000000eec00000,0x00000000ef280000)
 ParOldGen       total 30208K, used 9505K [0x00000000c2400000, 0x00000000c4180000, 0x00000000eb700000)
  object space 30208K, 31% used [0x00000000c2400000,0x00000000c2d484c0,0x00000000c4180000)
 Metaspace       used 26528K, capacity 26944K, committed 27136K, reserved 1073152K
  class space    used 3673K, capacity 3791K, committed 3840K, reserved 1048576K

Card table byte_map: [0x0000000011a70000,0x0000000011c60000] byte_map_base: 0x000000001145e000

Marking Bits: (ParMarkBitMap*) 0x000000005bc8a5b0
 Begin Bits: [0x0000000011fb0000, 0x0000000012f20000)
 End Bits:   [0x0000000012f20000, 0x0000000013e90000)

Polling page: 0x00000000022b0000

CodeCache: size=245760Kb used=9211Kb max_used=9211Kb free=236549Kb
 bounds [0x00000000026b0000, 0x0000000002fc0000, 0x00000000116b0000]
 total_blobs=2980 nmethods=2345 adapters=548
 compilation: enabled

Compilation events (10 events):
Event: 38.632 Thread 0x00000000149e1800 2455       1       com.google.common.base.Suppliers$SupplierOfInstance::get (5 bytes)
Event: 38.632 Thread 0x00000000149e1800 nmethod 2455 0x0000000002fb5510 code [0x0000000002fb5660, 0x0000000002fb5770]
Event: 38.633 Thread 0x00000000149e1800 2456       2       org.gradle.model.internal.core.ModelPath::hashCode (8 bytes)
Event: 38.633 Thread 0x00000000149e1800 nmethod 2456 0x0000000002fb57d0 code [0x0000000002fb5940, 0x0000000002fb5aa8]
Event: 38.633 Thread 0x00000000149e1800 2457       2       org.gradle.model.internal.core.ModelReference::isUntyped (11 bytes)
Event: 38.634 Thread 0x00000000149e1800 nmethod 2457 0x0000000002fb5b50 code [0x0000000002fb5cc0, 0x0000000002fb5ec8]
Event: 38.634 Thread 0x00000000149e1800 2458       2       java.lang.Enum::hashCode (5 bytes)
Event: 38.634 Thread 0x00000000149e1800 nmethod 2458 0x0000000002fb5fd0 code [0x0000000002fb6140, 0x0000000002fb62a8]
Event: 38.635 Thread 0x00000000149e1800 2459       2       org.gradle.internal.service.DefaultServiceRegistry$ManagedObjectProvider::getInstance (57 bytes)
Event: 38.635 Thread 0x00000000149e1800 nmethod 2459 0x0000000002fb6350 code [0x0000000002fb64c0, 0x0000000002fb6668]

GC Heap History (10 events):
Event: 29.092 GC heap before
{Heap before GC invocations=10 (full 1):
 PSYoungGen      total 21504K, used 2616K [0x00000000eb700000, 0x00000000edb80000, 0x0000000100000000)
  eden space 14848K, 0% used [0x00000000eb700000,0x00000000eb700000,0x00000000ec580000)
  from space 6656K, 39% used [0x00000000ec580000,0x00000000ec80e170,0x00000000ecc00000)
  to   space 6656K, 0% used [0x00000000ed500000,0x00000000ed500000,0x00000000edb80000)
 ParOldGen       total 42496K, used 9731K [0x00000000c2400000, 0x00000000c4d80000, 0x00000000eb700000)
  object space 42496K, 22% used [0x00000000c2400000,0x00000000c2d80e48,0x00000000c4d80000)
 Metaspace       used 20913K, capacity 21156K, committed 21296K, reserved 1067008K
  class space    used 2869K, capacity 2935K, committed 2944K, reserved 1048576K
Event: 29.184 GC heap after
Heap after GC invocations=10 (full 1):
 PSYoungGen      total 21504K, used 0K [0x00000000eb700000, 0x00000000edb80000, 0x0000000100000000)
  eden space 14848K, 0% used [0x00000000eb700000,0x00000000eb700000,0x00000000ec580000)
  from space 6656K, 0% used [0x00000000ec580000,0x00000000ec580000,0x00000000ecc00000)
  to   space 6656K, 0% used [0x00000000ed500000,0x00000000ed500000,0x00000000edb80000)
 ParOldGen       total 30208K, used 7877K [0x00000000c2400000, 0x00000000c4180000, 0x00000000eb700000)
  object space 30208K, 26% used [0x00000000c2400000,0x00000000c2bb14a0,0x00000000c4180000)
 Metaspace       used 20913K, capacity 21156K, committed 21296K, reserved 1067008K
  class space    used 2869K, capacity 2935K, committed 2944K, reserved 1048576K
}
Event: 29.926 GC heap before
{Heap before GC invocations=11 (full 1):
 PSYoungGen      total 21504K, used 14848K [0x00000000eb700000, 0x00000000edb80000, 0x0000000100000000)
  eden space 14848K, 100% used [0x00000000eb700000,0x00000000ec580000,0x00000000ec580000)
  from space 6656K, 0% used [0x00000000ec580000,0x00000000ec580000,0x00000000ecc00000)
  to   space 6656K, 0% used [0x00000000ed500000,0x00000000ed500000,0x00000000edb80000)
 ParOldGen       total 30208K, used 7877K [0x00000000c2400000, 0x00000000c4180000, 0x00000000eb700000)
  object space 30208K, 26% used [0x00000000c2400000,0x00000000c2bb14a0,0x00000000c4180000)
 Metaspace       used 21873K, capacity 22164K, committed 22400K, reserved 1069056K
  class space    used 3018K, capacity 3098K, committed 3200K, reserved 1048576K
Event: 29.933 GC heap after
Heap after GC invocations=11 (full 1):
 PSYoungGen      total 28672K, used 1616K [0x00000000eb700000, 0x00000000edb00000, 0x0000000100000000)
  eden space 22528K, 0% used [0x00000000eb700000,0x00000000eb700000,0x00000000ecd00000)
  from space 6144K, 26% used [0x00000000ed500000,0x00000000ed6941e0,0x00000000edb00000)
  to   space 7168K, 0% used [0x00000000ecd00000,0x00000000ecd00000,0x00000000ed400000)
 ParOldGen       total 30208K, used 7877K [0x00000000c2400000, 0x00000000c4180000, 0x00000000eb700000)
  object space 30208K, 26% used [0x00000000c2400000,0x00000000c2bb14a0,0x00000000c4180000)
 Metaspace       used 21873K, capacity 22164K, committed 22400K, reserved 1069056K
  class space    used 3018K, capacity 3098K, committed 3200K, reserved 1048576K
}
Event: 30.864 GC heap before
{Heap before GC invocations=12 (full 1):
 PSYoungGen      total 28672K, used 24144K [0x00000000eb700000, 0x00000000edb00000, 0x0000000100000000)
  eden space 22528K, 100% used [0x00000000eb700000,0x00000000ecd00000,0x00000000ecd00000)
  from space 6144K, 26% used [0x00000000ed500000,0x00000000ed6941e0,0x00000000edb00000)
  to   space 7168K, 0% used [0x00000000ecd00000,0x00000000ecd00000,0x00000000ed400000)
 ParOldGen       total 30208K, used 7877K [0x00000000c2400000, 0x00000000c4180000, 0x00000000eb700000)
  object space 30208K, 26% used [0x00000000c2400000,0x00000000c2bb14a0,0x00000000c4180000)
 Metaspace       used 23728K, capacity 23994K, committed 24192K, reserved 1071104K
  class space    used 3330K, capacity 3451K, committed 3456K, reserved 1048576K
Event: 30.869 GC heap after
Heap after GC invocations=12 (full 1):
 PSYoungGen      total 29696K, used 2227K [0x00000000eb700000, 0x00000000ee580000, 0x0000000100000000)
  eden space 22528K, 0% used [0x00000000eb700000,0x00000000eb700000,0x00000000ecd00000)
  from space 7168K, 31% used [0x00000000ecd00000,0x00000000ecf2cc08,0x00000000ed400000)
  to   space 7168K, 0% used [0x00000000ede80000,0x00000000ede80000,0x00000000ee580000)
 ParOldGen       total 30208K, used 8625K [0x00000000c2400000, 0x00000000c4180000, 0x00000000eb700000)
  object space 30208K, 28% used [0x00000000c2400000,0x00000000c2c6c4b0,0x00000000c4180000)
 Metaspace       used 23728K, capacity 23994K, committed 24192K, reserved 1071104K
  class space    used 3330K, capacity 3451K, committed 3456K, reserved 1048576K
}
Event: 31.652 GC heap before
{Heap before GC invocations=13 (full 1):
 PSYoungGen      total 29696K, used 24755K [0x00000000eb700000, 0x00000000ee580000, 0x0000000100000000)
  eden space 22528K, 100% used [0x00000000eb700000,0x00000000ecd00000,0x00000000ecd00000)
  from space 7168K, 31% used [0x00000000ecd00000,0x00000000ecf2cc08,0x00000000ed400000)
  to   space 7168K, 0% used [0x00000000ede80000,0x00000000ede80000,0x00000000ee580000)
 ParOldGen       total 30208K, used 8625K [0x00000000c2400000, 0x00000000c4180000, 0x00000000eb700000)
  object space 30208K, 28% used [0x00000000c2400000,0x00000000c2c6c4b0,0x00000000c4180000)
 Metaspace       used 25724K, capacity 26060K, committed 26368K, reserved 1071104K
  class space    used 3617K, capacity 3716K, committed 3840K, reserved 1048576K
Event: 31.657 GC heap after
Heap after GC invocations=13 (full 1):
 PSYoungGen      total 39424K, used 2225K [0x00000000eb700000, 0x00000000ee480000, 0x0000000100000000)
  eden space 33280K, 0% used [0x00000000eb700000,0x00000000eb700000,0x00000000ed780000)
  from space 6144K, 36% used [0x00000000ede80000,0x00000000ee0ac720,0x00000000ee480000)
  to   space 6656K, 0% used [0x00000000ed780000,0x00000000ed780000,0x00000000ede00000)
 ParOldGen       total 30208K, used 9097K [0x00000000c2400000, 0x00000000c4180000, 0x00000000eb700000)
  object space 30208K, 30% used [0x00000000c2400000,0x00000000c2ce24b0,0x00000000c4180000)
 Metaspace       used 25724K, capacity 26060K, committed 26368K, reserved 1071104K
  class space    used 3617K, capacity 3716K, committed 3840K, reserved 1048576K
}
Event: 38.576 GC heap before
{Heap before GC invocations=14 (full 1):
 PSYoungGen      total 39424K, used 35505K [0x00000000eb700000, 0x00000000ee480000, 0x0000000100000000)
  eden space 33280K, 100% used [0x00000000eb700000,0x00000000ed780000,0x00000000ed780000)
  from space 6144K, 36% used [0x00000000ede80000,0x00000000ee0ac720,0x00000000ee480000)
  to   space 6656K, 0% used [0x00000000ed780000,0x00000000ed780000,0x00000000ede00000)
 ParOldGen       total 30208K, used 9097K [0x00000000c2400000, 0x00000000c4180000, 0x00000000eb700000)
  object space 30208K, 30% used [0x00000000c2400000,0x00000000c2ce24b0,0x00000000c4180000)
 Metaspace       used 26498K, capacity 26906K, committed 27136K, reserved 1073152K
  class space    used 3670K, capacity 3758K, committed 3840K, reserved 1048576K
Event: 38.584 GC heap after
Heap after GC invocations=14 (full 1):
 PSYoungGen      total 39936K, used 2752K [0x00000000eb700000, 0x00000000ef280000, 0x0000000100000000)
  eden space 33280K, 0% used [0x00000000eb700000,0x00000000eb700000,0x00000000ed780000)
  from space 6656K, 41% used [0x00000000ed780000,0x00000000eda30000,0x00000000ede00000)
  to   space 6656K, 0% used [0x00000000eec00000,0x00000000eec00000,0x00000000ef280000)
 ParOldGen       total 30208K, used 9505K [0x00000000c2400000, 0x00000000c4180000, 0x00000000eb700000)
  object space 30208K, 31% used [0x00000000c2400000,0x00000000c2d484c0,0x00000000c4180000)
 Metaspace       used 26498K, capacity 26906K, committed 27136K, reserved 1073152K
  class space    used 3670K, capacity 3758K, committed 3840K, reserved 1048576K
}

Deoptimization events (10 events):
Event: 30.452 Thread 0x00000000024ae000 Uncommon trap: reason=bimorphic action=maybe_recompile pc=0x0000000002a940f0 method=java.io.DataOutputStream.write([BII)V @ 7
Event: 30.452 Thread 0x00000000024ae000 Uncommon trap: reason=bimorphic action=maybe_recompile pc=0x0000000002a940f0 method=java.io.DataOutputStream.write([BII)V @ 7
Event: 30.798 Thread 0x00000000024ae000 Uncommon trap: reason=unstable_if action=reinterpret pc=0x00000000028219a0 method=java.net.URI.match(CJJ)Z @ 45
Event: 32.159 Thread 0x00000000024ae000 Uncommon trap: reason=predicate action=maybe_recompile pc=0x0000000002e3ed0c method=java.util.AbstractCollection.toArray([Ljava/lang/Object;)[Ljava/lang/Object; @ 49
Event: 32.196 Thread 0x00000000024ae000 Uncommon trap: reason=array_check action=maybe_recompile pc=0x0000000002e42c74 method=java.util.AbstractCollection.toArray([Ljava/lang/Object;)[Ljava/lang/Object; @ 119
Event: 32.196 Thread 0x00000000024ae000 Uncommon trap: reason=array_check action=maybe_recompile pc=0x0000000002e42c74 method=java.util.AbstractCollection.toArray([Ljava/lang/Object;)[Ljava/lang/Object; @ 119
Event: 32.196 Thread 0x00000000024ae000 Uncommon trap: reason=array_check action=maybe_recompile pc=0x0000000002e42c74 method=java.util.AbstractCollection.toArray([Ljava/lang/Object;)[Ljava/lang/Object; @ 119
Event: 32.196 Thread 0x00000000024ae000 Uncommon trap: reason=array_check action=maybe_recompile pc=0x0000000002e42c74 method=java.util.AbstractCollection.toArray([Ljava/lang/Object;)[Ljava/lang/Object; @ 119
Event: 38.117 Thread 0x00000000024ae000 Uncommon trap: reason=unstable_if action=reinterpret pc=0x0000000002dd7a5c method=java.util.LinkedHashMap.afterNodeInsertion(Z)V @ 18
Event: 38.619 Thread 0x00000000024ae000 Uncommon trap: reason=unstable_if action=reinterpret pc=0x0000000002e32f0c method=java.lang.ThreadLocal$ThreadLocalMap.getEntry(Ljava/lang/ThreadLocal;)Ljava/lang/ThreadLocal$ThreadLocalMap$Entry; @ 29

Internal exceptions (10 events):
Event: 38.597 Thread 0x00000000024ae000 Exception <a 'java/lang/ClassNotFoundException': org/gradle/api/internal/artifacts/repositories/DefaultMavenArtifactRepository_DecoratedBeanInfo> (0x00000000eb7dc730) thrown at [C:\re\workspace\8-2-build-windows-amd64-cygwin\jdk8u60\4407\hotspot\src\share\
Event: 38.598 Thread 0x00000000024ae000 Exception <a 'java/lang/ClassNotFoundException': org/gradle/api/internal/artifacts/repositories/DefaultMavenArtifactRepositoryBeanInfo> (0x00000000eb826e50) thrown at [C:\re\workspace\8-2-build-windows-amd64-cygwin\jdk8u60\4407\hotspot\src\share\vm\classfi)ž ö¯LC@
Event: 38.599 Thread 0x00000000024ae000 Exception <a 'java/lang/ClassNotFoundException': org/gradle/api/internal/artifacts/repositories/AbstractAuthenticationSupportedRepositoryBeanInfo> (0x00000000eb877f48) thrown at [C:\re\workspace\8-2-build-windows-amd64-cygwin\jdk8u60\4407\hotspot\src\share†òªÏLC@
Event: 38.600 Thread 0x00000000024ae000 Exception <a 'java/lang/ClassNotFoundException': org/gradle/api/internal/artifacts/repositories/AbstractArtifactRepositoryBeanInfo> (0x00000000eb8bf428) thrown at [C:\re\workspace\8-2-build-windows-amd64-cygwin\jdk8u60\4407\hotspot\src\share\vm\classfile\süJmðLC@
Event: 38.601 Thread 0x00000000024ae000 Exception <a 'java/lang/ClassNotFoundException': org/gradle/api/internal/artifacts/repositories/AbstractArtifactRepositoryCustomizer> (0x00000000eb908d10) thrown at [C:\re\workspace\8-2-build-windows-amd64-cygwin\jdk8u60\4407\hotspot\src\share\vm\classfileF¢2MC@
Event: 38.603 Thread 0x00000000024ae000 Exception <a 'java/lang/ClassNotFoundException': org/gradle/api/internal/artifacts/repositories/AbstractAuthenticationSupportedRepositoryCustomizer> (0x00000000eb9603c8) thrown at [C:\re\workspace\8-2-build-windows-amd64-cygwin\jdk8u60\4407\hotspot\src\shaë´œMC@
Event: 38.606 Thread 0x00000000024ae000 Exception <a 'java/lang/ClassNotFoundException': org/gradle/api/internal/artifacts/repositories/DefaultMavenArtifactRepositoryCustomizer> (0x00000000eb9bd508) thrown at [C:\re\workspace\8-2-build-windows-amd64-cygwin\jdk8u60\4407\hotspot\src\share\vm\classæM"ÞMC@
Event: 38.608 Thread 0x00000000024ae000 Exception <a 'java/lang/ClassNotFoundException': org/gradle/api/internal/artifacts/repositories/DefaultMavenArtifactRepository_DecoratedCustomizer> (0x00000000eba1d068) thrown at [C:\re\workspace\8-2-build-windows-amd64-cygwin\jdk8u60\4407\hotspot\src\shar²Ñ(ÍÝNC@
Event: 38.616 Thread 0x00000000024ae000 Exception <a 'java/lang/ClassNotFoundException': org/codehaus/groovy/runtime/GStringImplBeanInfo> (0x00000000ebaa5ff0) thrown at [C:\re\workspace\8-2-build-windows-amd64-cygwin\jdk8u60\4407\hotspot\src\share\vm\classfile\systemDictionary.cpp, line 210]
Event: 38.617 Thread 0x00000000024ae000 Exception <a 'java/lang/ClassNotFoundException': org/codehaus/groovy/runtime/GStringImplCustomizer> (0x00000000ebacc738) thrown at [C:\re\workspace\8-2-build-windows-amd64-cygwin\jdk8u60\4407\hotspot\src\share\vm\classfile\systemDictionary.cpp, line 210]

Events (10 events):
Event: 38.616 loading class org/codehaus/groovy/runtime/GStringImplCustomizer done
Event: 38.617 loading class org/codehaus/groovy/runtime/GStringImplCustomizer
Event: 38.617 loading class org/codehaus/groovy/runtime/GStringImplCustomizer done
Event: 38.618 loading class groovy/lang/ProxyMetaClass
Event: 38.618 loading class groovy/lang/ProxyMetaClass done
Event: 38.619 Thread 0x00000000024ae000 Uncommon trap: trap_request=0xffffff65 fr.pc=0x0000000002e32f0c
Event: 38.619 Thread 0x00000000024ae000 DEOPT PACKING pc=0x0000000002e32f0c sp=0x00000000025a9cf0
Event: 38.619 Thread 0x00000000024ae000 DEOPT UNPACKING pc=0x00000000026f582a sp=0x00000000025a9bc0 mode 2
Event: 38.622 loading class org/gradle/configuration/project/DefaultProjectConfigurationActionContainer
Event: 38.622 loading class org/gradle/configuration/project/DefaultProjectConfigurationActionContainer done


Dynamic libraries:
0x00007ff72c7c0000 - 0x00007ff72c7f7000 	C:\Program Files\Java\jdk1.8.0_60\bin\java.exe
0x00007ff96b0b0000 - 0x00007ff96b271000 	C:\WINDOWS\SYSTEM32\ntdll.dll
0x00007ff96ad80000 - 0x00007ff96ae2d000 	C:\WINDOWS\system32\KERNEL32.DLL
0x00007ff967fd0000 - 0x00007ff9681b8000 	C:\WINDOWS\system32\KERNELBASE.dll
0x00007ff96ab30000 - 0x00007ff96abd7000 	C:\WINDOWS\system32\ADVAPI32.dll
0x00007ff96b010000 - 0x00007ff96b0ad000 	C:\WINDOWS\system32\msvcrt.dll
0x00007ff96a1f0000 - 0x00007ff96a24b000 	C:\WINDOWS\system32\sechost.dll
0x00007ff96a9f0000 - 0x00007ff96ab0d000 	C:\WINDOWS\system32\RPCRT4.dll
0x00007ff968490000 - 0x00007ff9685e6000 	C:\WINDOWS\system32\USER32.dll
0x00007ff9685f0000 - 0x00007ff968777000 	C:\WINDOWS\system32\GDI32.dll
0x00007ff95fe00000 - 0x00007ff960074000 	C:\WINDOWS\WinSxS\amd64_microsoft.windows.common-controls_6595b64144ccf1df_6.0.10586.839_none_a2ddba30a539a2ae\COMCTL32.dll
0x00007ff96a590000 - 0x00007ff96a80e000 	C:\WINDOWS\system32\combase.dll
0x00007ff967d90000 - 0x00007ff967dfa000 	C:\WINDOWS\system32\bcryptPrimitives.dll
0x00007ff96ad40000 - 0x00007ff96ad7b000 	C:\WINDOWS\system32\IMM32.DLL
0x000000005bd10000 - 0x000000005bde2000 	C:\Program Files\Java\jdk1.8.0_60\jre\bin\msvcr100.dll
0x000000005b480000 - 0x000000005bd09000 	C:\Program Files\Java\jdk1.8.0_60\jre\bin\server\jvm.dll
0x00007ff96a810000 - 0x00007ff96a818000 	C:\WINDOWS\system32\PSAPI.DLL
0x00007ff966060000 - 0x00007ff966083000 	C:\WINDOWS\SYSTEM32\WINMM.dll
0x00007ff95abe0000 - 0x00007ff95abe9000 	C:\WINDOWS\SYSTEM32\WSOCK32.dll
0x00007ff96a980000 - 0x00007ff96a9eb000 	C:\WINDOWS\system32\WS2_32.dll
0x0000000002280000 - 0x00000000022ac000 	C:\WINDOWS\SYSTEM32\WINMMBASE.dll
0x00007ff95c470000 - 0x00007ff95c47a000 	C:\WINDOWS\SYSTEM32\VERSION.dll
0x00007ff968360000 - 0x00007ff9683a3000 	C:\WINDOWS\system32\cfgmgr32.dll
0x000000005b470000 - 0x000000005b47f000 	C:\Program Files\Java\jdk1.8.0_60\jre\bin\verify.dll
0x000000005b440000 - 0x000000005b469000 	C:\Program Files\Java\jdk1.8.0_60\jre\bin\java.dll
0x000000005b420000 - 0x000000005b436000 	C:\Program Files\Java\jdk1.8.0_60\jre\bin\zip.dll
0x00007ff968850000 - 0x00007ff969dac000 	C:\WINDOWS\system32\SHELL32.dll
0x00007ff967740000 - 0x00007ff967d85000 	C:\WINDOWS\system32\windows.storage.dll
0x00007ff96a480000 - 0x00007ff96a4d2000 	C:\WINDOWS\system32\shlwapi.dll
0x00007ff967730000 - 0x00007ff96773f000 	C:\WINDOWS\system32\kernel.appcore.dll
0x00007ff9683d0000 - 0x00007ff968485000 	C:\WINDOWS\system32\shcore.dll
0x00007ff9676c0000 - 0x00007ff96770b000 	C:\WINDOWS\system32\powrprof.dll
0x00007ff967710000 - 0x00007ff967724000 	C:\WINDOWS\system32\profapi.dll
0x000000005b400000 - 0x000000005b41a000 	C:\Program Files\Java\jdk1.8.0_60\jre\bin\net.dll
0x00007ff966f80000 - 0x00007ff966fdc000 	C:\WINDOWS\system32\mswsock.dll
0x000000005b3e0000 - 0x000000005b3f1000 	C:\Program Files\Java\jdk1.8.0_60\jre\bin\nio.dll
0x00007ff95b270000 - 0x00007ff95b282000 	C:\Users\Eziaha Ada Ekwuribe\.gradle\native\19\windows-amd64\native-platform.dll
0x0000000180000000 - 0x0000000180037000 	C:\Users\Eziaha Ada Ekwuribe\.gradle\native\jna\win32-amd64\jnidispatch.dll
0x00007ff967030000 - 0x00007ff967047000 	C:\WINDOWS\SYSTEM32\CRYPTSP.dll
0x00007ff966cc0000 - 0x00007ff966cf4000 	C:\WINDOWS\system32\rsaenh.dll
0x00007ff9675e0000 - 0x00007ff967609000 	C:\WINDOWS\SYSTEM32\bcrypt.dll
0x00007ff966e10000 - 0x00007ff966e2f000 	C:\WINDOWS\SYSTEM32\USERENV.dll
0x00007ff9675d0000 - 0x00007ff9675db000 	C:\WINDOWS\SYSTEM32\CRYPTBASE.dll
0x00007ff964070000 - 0x00007ff9640a8000 	C:\WINDOWS\SYSTEM32\IPHLPAPI.DLL
0x00007ff96a1e0000 - 0x00007ff96a1e8000 	C:\WINDOWS\system32\NSI.dll
0x00007ff963100000 - 0x00007ff963116000 	C:\WINDOWS\SYSTEM32\dhcpcsvc6.DLL
0x00007ff9630e0000 - 0x00007ff9630fa000 	C:\WINDOWS\SYSTEM32\dhcpcsvc.DLL
0x000000005b3d0000 - 0x000000005b3dd000 	C:\Program Files\Java\jdk1.8.0_60\jre\bin\management.dll

VM Arguments:
jvm_args: -Dorg.gradle.appname=gradlew 
java_command: org.gradle.wrapper.GradleWrapperMain installDebug
java_class_path (initial): C:\NVA\android\\gradle\wrapper\gradle-wrapper.jar
Launcher Type: SUN_STANDARD

Environment Variables:
JAVA_HOME=C:\Program Files\Java\jdk1.8.0_60
CLASSPATH=C:\NVA\android\\gradle\wrapper\gradle-wrapper.jar
PATH=C:\ProgramData\Oracle\Java\javapath;C:\Program Files (x86)\PC Connectivity Solution\;C:\Program Files\Common Files\Microsoft Shared\Windows Live;C:\Program Files (x86)\Common Files\Microsoft Shared\Windows Live;C:\WINDOWS\system32;C:\WINDOWS;C:\WINDOWS\System32\Wbem;C:\WINDOWS\System32\WindowsPowerShell\v1.0\;C:\Program Files (x86)\Windows Live\Shared;C:\Program Files (x86)\QuickTime\QTSystem\;C:\Program Files\Microsoft SQL Server\110\DTS\Binn\;C:\Program Files (x86)\Microsoft SQL Server\110\Tools\Binn\;C:\Program Files\Microsoft SQL Server\110\Tools\Binn\;C:\Program Files (x86)\Microsoft SQL Server\110\Tools\Binn\ManagementStudio\;C:\Program Files (x86)\Microsoft Visual Studio 10.0\Common7\IDE\PrivateAssemblies\;C:\Program Files (x86)\Microsoft SQL Server\110\DTS\Binn\;C:\Users\Eziaha Ada Ekwuribe\AppData\Roaming\npm;C:\adb;C:\WINDOWS\system32;C:\WINDOWS;C:\WINDOWS\System32\Wbem;C:\WINDOWS\System32\WindowsPowerShell\v1.0\;C:\Program Files (x86)\Common Files\lenovo\easyplussdk\bin;C:\Program Files\Git\cmd;C:\Android;C:\Windows\System32;C:\Program Files\Git\bin\git.exe;C:\Go\bin;C:\Program Files (x86)\nodejs\;C:\Program Files (x86)\Yarn\bin\;C:\Users\Eziaha Ada Ekwuribe\AppData\Local\atom\bin;C:\Android\sdk1\platform-tools;C:\Android\sdk1\tools;C:\Program Files\Heroku\bin;C:\Program Files\Microsoft VS Code\bin;C:\Program Files\Microsoft VS Code Insiders\bin;C:\Users\Eziaha Ada Ekwuribe\AppData\Roaming\npm;C:\Users\Eziaha Ada Ekwuribe\AppData\Local\Yarn\bin
USERNAME=Eziaha Ada Ekwuribe
OS=Windows_NT
PROCESSOR_IDENTIFIER=Intel64 Family 6 Model 42 Stepping 7, GenuineIntel



---------------  S Y S T E M  ---------------

OS: Windows 10.0 , 64 bit Build 10586 (10.0.10586.589)

CPU:total 2 (2 cores per cpu, 1 threads per core) family 6 model 42 stepping 7, cmov, cx8, fxsr, mmx, sse, sse2, sse3, ssse3, sse4.1, sse4.2, popcnt, clmul, tsc, tscinvbit

Memory: 4k page, physical 4042604k(737696k free), swap 5353324k(5416k free)

vm_info: Java HotSpot(TM) 64-Bit Server VM (25.60-b23) for windows-amd64 JRE (1.8.0_60-b27), built on Aug  4 2015 11:06:27 by "java_re" with MS VC++ 10.0 (VS2010)

time: Mon Apr 09 16:56:13 2018
elapsed time: 38 seconds (0d 0h 0m 38s)

